<?xml version="1.0" encoding="UTF-8"?>
<!-- Generated by org.testng.reporters.JUnitXMLReporter -->
<testsuite hostname="DESKTOP-O544DRQ" ignored="0" name="Open cart Login Page Test" tests="2" failures="1" timestamp="2023-01-04T01:01:00 IST" time="0.422" errors="0">
  <testcase name="@BeforeTest setUp" time="0.411" classname="com.qa.opencart.base.BaseTest">
    <failure type="com.microsoft.playwright.PlaywrightException" message="Error {
  message=&amp;apos;connect ECONNREFUSED 127.0.0.1:4444
=========================== logs ===========================
&amp;lt;selenium&amp;gt; connecting to http://localhost:4444/wd/hub/
============================================================
  name=&amp;apos;Error
  stack=&amp;apos;Error: connect ECONNREFUSED 127.0.0.1:4444
=========================== logs ===========================
&amp;lt;selenium&amp;gt; connecting to http://localhost:4444/wd/hub/
============================================================
    at TCPConnectWrap.afterConnect [as oncomplete] (node:net:1278:16)
}">
      <![CDATA[com.microsoft.playwright.PlaywrightException: Error {
  message='connect ECONNREFUSED 127.0.0.1:4444
=========================== logs ===========================
<selenium> connecting to http://localhost:4444/wd/hub/
============================================================
  name='Error
  stack='Error: connect ECONNREFUSED 127.0.0.1:4444
=========================== logs ===========================
<selenium> connecting to http://localhost:4444/wd/hub/
============================================================
    at TCPConnectWrap.afterConnect [as oncomplete] (node:net:1278:16)
}
at com.microsoft.playwright.impl.WaitableResult.get(WaitableResult.java:54)
at com.microsoft.playwright.impl.ChannelOwner.runUntil(ChannelOwner.java:111)
at com.microsoft.playwright.impl.Connection.sendMessage(Connection.java:119)
at com.microsoft.playwright.impl.ChannelOwner.sendMessage(ChannelOwner.java:102)
at com.microsoft.playwright.impl.BrowserTypeImpl.launchImpl(BrowserTypeImpl.java:52)
at com.microsoft.playwright.impl.BrowserTypeImpl.lambda$launch$0(BrowserTypeImpl.java:44)
at com.microsoft.playwright.impl.LoggingSupport.withLogging(LoggingSupport.java:47)
at com.microsoft.playwright.impl.ChannelOwner.withLogging(ChannelOwner.java:87)
at com.microsoft.playwright.impl.BrowserTypeImpl.launch(BrowserTypeImpl.java:44)
at com.microsoft.playwright.impl.BrowserTypeImpl.launch(BrowserTypeImpl.java:35)
at com.qa.opencart.factory.PlaywrightFactory.iniBrowser(PlaywrightFactory.java:69)
at com.qa.opencart.base.BaseTest.setUp(BaseTest.java:24)
at sun.reflect.NativeMethodAccessorImpl.invoke0(Native Method)
at sun.reflect.NativeMethodAccessorImpl.invoke(NativeMethodAccessorImpl.java:62)
at sun.reflect.DelegatingMethodAccessorImpl.invoke(DelegatingMethodAccessorImpl.java:43)
at java.lang.reflect.Method.invoke(Method.java:498)
at org.testng.internal.MethodInvocationHelper.invokeMethod(MethodInvocationHelper.java:134)
at org.testng.internal.MethodInvocationHelper.invokeMethodConsideringTimeout(MethodInvocationHelper.java:63)
at org.testng.internal.ConfigInvoker.invokeConfigurationMethod(ConfigInvoker.java:348)
at org.testng.internal.ConfigInvoker.invokeConfigurations(ConfigInvoker.java:302)
at org.testng.TestRunner.invokeTestConfigurations(TestRunner.java:619)
at org.testng.TestRunner.beforeRun(TestRunner.java:609)
at org.testng.TestRunner.run(TestRunner.java:580)
at org.testng.SuiteRunner.runTest(SuiteRunner.java:384)
at org.testng.SuiteRunner.access$000(SuiteRunner.java:28)
at org.testng.SuiteRunner$SuiteWorker.run(SuiteRunner.java:425)
at org.testng.internal.thread.ThreadUtil.lambda$execute$0(ThreadUtil.java:68)
at java.util.concurrent.FutureTask.run(FutureTask.java:266)
at java.util.concurrent.ThreadPoolExecutor.runWorker(ThreadPoolExecutor.java:1149)
at java.util.concurrent.ThreadPoolExecutor$Worker.run(ThreadPoolExecutor.java:624)
at java.lang.Thread.run(Thread.java:748)
Caused by: com.microsoft.playwright.impl.DriverException: Error {
  message='connect ECONNREFUSED 127.0.0.1:4444
=========================== logs ===========================
<selenium> connecting to http://localhost:4444/wd/hub/
============================================================
  name='Error
  stack='Error: connect ECONNREFUSED 127.0.0.1:4444
=========================== logs ===========================
<selenium> connecting to http://localhost:4444/wd/hub/
============================================================
    at TCPConnectWrap.afterConnect [as oncomplete] (node:net:1278:16)
}
at com.microsoft.playwright.impl.Connection.dispatch(Connection.java:201)
at com.microsoft.playwright.impl.Connection.processOneMessage(Connection.java:181)
at com.microsoft.playwright.impl.ChannelOwner.runUntil(ChannelOwner.java:109)
... 29 more
]]>
    </failure>
  </testcase> <!-- @BeforeTest setUp -->
  <testcase name="@AfterTest tearDown" time="-1.67277426083E9" classname="com.qa.opencart.base.BaseTest">
    <skipped/>
  </testcase> <!-- @AfterTest tearDown -->
  <testcase name="forgotPasswordLinkDisplayedTest" time="0.0" classname="com.qa.opencart.tests.LoginPageTest">
    <skipped/>
  </testcase> <!-- forgotPasswordLinkDisplayedTest -->
  <testcase name="forgotPasswordLinkDisplayedTest" time="0.003" classname="com.qa.opencart.tests.LoginPageTest">
    <failure type="java.lang.NullPointerException">
      <![CDATA[java.lang.NullPointerException
at com.qa.opencart.factory.PlaywrightFactory.takeScreenshot(PlaywrightFactory.java:105)
at com.qa.opencart.listners.ExtentReportListener.onTestSkipped(ExtentReportListener.java:106)
at org.testng.internal.TestListenerHelper.runTestListeners(TestListenerHelper.java:57)
at org.testng.internal.TestInvoker.runTestResultListener(TestInvoker.java:219)
at org.testng.internal.TestInvoker.invokeListenersForSkippedTestResult(TestInvoker.java:446)
at org.testng.internal.TestInvoker.invokeMethod(TestInvoker.java:542)
at org.testng.internal.TestInvoker.invokeTestMethod(TestInvoker.java:173)
at org.testng.internal.MethodRunner.runInSequence(MethodRunner.java:46)
at org.testng.internal.TestInvoker$MethodInvocationAgent.invoke(TestInvoker.java:816)
at org.testng.internal.TestInvoker.invokeTestMethods(TestInvoker.java:146)
at org.testng.internal.TestMethodWorker.invokeTestMethods(TestMethodWorker.java:146)
at org.testng.internal.TestMethodWorker.run(TestMethodWorker.java:128)
at java.util.ArrayList.forEach(ArrayList.java:1257)
at org.testng.TestRunner.privateRun(TestRunner.java:766)
at org.testng.TestRunner.run(TestRunner.java:587)
at org.testng.SuiteRunner.runTest(SuiteRunner.java:384)
at org.testng.SuiteRunner.access$000(SuiteRunner.java:28)
at org.testng.SuiteRunner$SuiteWorker.run(SuiteRunner.java:425)
at org.testng.internal.thread.ThreadUtil.lambda$execute$0(ThreadUtil.java:68)
at java.util.concurrent.FutureTask.run(FutureTask.java:266)
at java.util.concurrent.ThreadPoolExecutor.runWorker(ThreadPoolExecutor.java:1149)
at java.util.concurrent.ThreadPoolExecutor$Worker.run(ThreadPoolExecutor.java:624)
at java.lang.Thread.run(Thread.java:748)
]]>
    </failure>
  </testcase> <!-- forgotPasswordLinkDisplayedTest -->
</testsuite> <!-- Open cart Login Page Test -->
