<?xml version="1.0" encoding="UTF-8"?>
<testsuite xmlns:xsi="http://www.w3.org/2001/XMLSchema-instance" xsi:noNamespaceSchemaLocation="https://maven.apache.org/surefire/maven-surefire-plugin/xsd/surefire-test-report.xsd" name="TestSuite" time="5.667" tests="8" errors="0" skipped="4" failures="4">
  <properties>
    <property name="sun.desktop" value="windows"/>
    <property name="awt.toolkit" value="sun.awt.windows.WToolkit"/>
    <property name="file.encoding.pkg" value="sun.io"/>
    <property name="java.specification.version" value="1.8"/>
    <property name="sun.cpu.isalist" value="amd64"/>
    <property name="sun.jnu.encoding" value="Cp1252"/>
    <property name="java.class.path" value="C:\Users\Imran\eclipse-workspace\Playwright_Automation\target\test-classes;C:\Users\Imran\eclipse-workspace\Playwright_Automation\target\classes;C:\Users\Imran\.m2\repository\com\microsoft\playwright\playwright\1.28.1\playwright-1.28.1.jar;C:\Users\Imran\.m2\repository\com\google\code\gson\gson\2.8.9\gson-2.8.9.jar;C:\Users\Imran\.m2\repository\org\opentest4j\opentest4j\1.2.0\opentest4j-1.2.0.jar;C:\Users\Imran\.m2\repository\com\microsoft\playwright\driver\1.28.1\driver-1.28.1.jar;C:\Users\Imran\.m2\repository\com\microsoft\playwright\driver-bundle\1.28.1\driver-bundle-1.28.1.jar;C:\Users\Imran\.m2\repository\org\testng\testng\7.1.0\testng-7.1.0.jar;C:\Users\Imran\.m2\repository\com\beust\jcommander\1.72\jcommander-1.72.jar;C:\Users\Imran\.m2\repository\com\google\inject\guice\4.1.0\guice-4.1.0-no_aop.jar;C:\Users\Imran\.m2\repository\javax\inject\javax.inject\1\javax.inject-1.jar;C:\Users\Imran\.m2\repository\aopalliance\aopalliance\1.0\aopalliance-1.0.jar;C:\Users\Imran\.m2\repository\com\google\guava\guava\19.0\guava-19.0.jar;C:\Users\Imran\.m2\repository\org\yaml\snakeyaml\1.21\snakeyaml-1.21.jar;C:\Users\Imran\.m2\repository\com\aventstack\extentreports\5.0.8\extentreports-5.0.8.jar;C:\Users\Imran\.m2\repository\io\reactivex\rxjava3\rxjava\3.0.4\rxjava-3.0.4.jar;C:\Users\Imran\.m2\repository\org\reactivestreams\reactive-streams\1.0.3\reactive-streams-1.0.3.jar;C:\Users\Imran\.m2\repository\org\freemarker\freemarker\2.3.30\freemarker-2.3.30.jar;C:\Users\Imran\.m2\repository\org\projectlombok\lombok\1.18.12\lombok-1.18.12.jar;"/>
    <property name="java.vm.vendor" value="Oracle Corporation"/>
    <property name="sun.arch.data.model" value="64"/>
    <property name="user.variant" value=""/>
    <property name="java.vendor.url" value="http://java.oracle.com/"/>
    <property name="user.timezone" value="Asia/Calcutta"/>
    <property name="java.vm.specification.version" value="1.8"/>
    <property name="os.name" value="Windows 10"/>
    <property name="user.country" value="IN"/>
    <property name="sun.java.launcher" value="SUN_STANDARD"/>
    <property name="sun.boot.library.path" value="C:\Program Files\Java\jdk1.8.0_251\jre\bin"/>
    <property name="sun.java.command" value="C:\Users\Imran\AppData\Local\Temp\surefire6452581701008421654\surefirebooter360801016772648733.jar C:\Users\Imran\AppData\Local\Temp\surefire6452581701008421654 2023-01-03T19-31-16_792-jvmRun1 surefire3243932262756774026tmp surefire_01459863684506270638tmp"/>
    <property name="surefire.test.class.path" value="C:\Users\Imran\eclipse-workspace\Playwright_Automation\target\test-classes;C:\Users\Imran\eclipse-workspace\Playwright_Automation\target\classes;C:\Users\Imran\.m2\repository\com\microsoft\playwright\playwright\1.28.1\playwright-1.28.1.jar;C:\Users\Imran\.m2\repository\com\google\code\gson\gson\2.8.9\gson-2.8.9.jar;C:\Users\Imran\.m2\repository\org\opentest4j\opentest4j\1.2.0\opentest4j-1.2.0.jar;C:\Users\Imran\.m2\repository\com\microsoft\playwright\driver\1.28.1\driver-1.28.1.jar;C:\Users\Imran\.m2\repository\com\microsoft\playwright\driver-bundle\1.28.1\driver-bundle-1.28.1.jar;C:\Users\Imran\.m2\repository\org\testng\testng\7.1.0\testng-7.1.0.jar;C:\Users\Imran\.m2\repository\com\beust\jcommander\1.72\jcommander-1.72.jar;C:\Users\Imran\.m2\repository\com\google\inject\guice\4.1.0\guice-4.1.0-no_aop.jar;C:\Users\Imran\.m2\repository\javax\inject\javax.inject\1\javax.inject-1.jar;C:\Users\Imran\.m2\repository\aopalliance\aopalliance\1.0\aopalliance-1.0.jar;C:\Users\Imran\.m2\repository\com\google\guava\guava\19.0\guava-19.0.jar;C:\Users\Imran\.m2\repository\org\yaml\snakeyaml\1.21\snakeyaml-1.21.jar;C:\Users\Imran\.m2\repository\com\aventstack\extentreports\5.0.8\extentreports-5.0.8.jar;C:\Users\Imran\.m2\repository\io\reactivex\rxjava3\rxjava\3.0.4\rxjava-3.0.4.jar;C:\Users\Imran\.m2\repository\org\reactivestreams\reactive-streams\1.0.3\reactive-streams-1.0.3.jar;C:\Users\Imran\.m2\repository\org\freemarker\freemarker\2.3.30\freemarker-2.3.30.jar;C:\Users\Imran\.m2\repository\org\projectlombok\lombok\1.18.12\lombok-1.18.12.jar;"/>
    <property name="sun.cpu.endian" value="little"/>
    <property name="user.home" value="C:\Users\Imran"/>
    <property name="user.language" value="en"/>
    <property name="java.specification.vendor" value="Oracle Corporation"/>
    <property name="java.home" value="C:\Program Files\Java\jdk1.8.0_251\jre"/>
    <property name="basedir" value="C:\Users\Imran\eclipse-workspace\Playwright_Automation"/>
    <property name="file.separator" value="\"/>
    <property name="line.separator" value="&#10;"/>
    <property name="java.vm.specification.vendor" value="Oracle Corporation"/>
    <property name="java.specification.name" value="Java Platform API Specification"/>
    <property name="java.awt.graphicsenv" value="sun.awt.Win32GraphicsEnvironment"/>
    <property name="surefire.real.class.path" value="C:\Users\Imran\AppData\Local\Temp\surefire6452581701008421654\surefirebooter360801016772648733.jar"/>
    <property name="sun.boot.class.path" value="C:\Program Files\Java\jdk1.8.0_251\jre\lib\resources.jar;C:\Program Files\Java\jdk1.8.0_251\jre\lib\rt.jar;C:\Program Files\Java\jdk1.8.0_251\jre\lib\sunrsasign.jar;C:\Program Files\Java\jdk1.8.0_251\jre\lib\jsse.jar;C:\Program Files\Java\jdk1.8.0_251\jre\lib\jce.jar;C:\Program Files\Java\jdk1.8.0_251\jre\lib\charsets.jar;C:\Program Files\Java\jdk1.8.0_251\jre\lib\jfr.jar;C:\Program Files\Java\jdk1.8.0_251\jre\classes"/>
    <property name="user.script" value=""/>
    <property name="sun.management.compiler" value="HotSpot 64-Bit Tiered Compilers"/>
    <property name="java.runtime.version" value="1.8.0_251-b08"/>
    <property name="user.name" value="Imran"/>
    <property name="path.separator" value=";"/>
    <property name="os.version" value="10.0"/>
    <property name="java.endorsed.dirs" value="C:\Program Files\Java\jdk1.8.0_251\jre\lib\endorsed"/>
    <property name="java.runtime.name" value="Java(TM) SE Runtime Environment"/>
    <property name="file.encoding" value="Cp1252"/>
    <property name="java.vm.name" value="Java HotSpot(TM) 64-Bit Server VM"/>
    <property name="localRepository" value="C:\Users\Imran\.m2\repository"/>
    <property name="java.vendor.url.bug" value="http://bugreport.sun.com/bugreport/"/>
    <property name="java.io.tmpdir" value="C:\Users\Imran\AppData\Local\Temp\"/>
    <property name="java.version" value="1.8.0_251"/>
    <property name="user.dir" value="C:\Users\Imran\eclipse-workspace\Playwright_Automation"/>
    <property name="os.arch" value="amd64"/>
    <property name="java.vm.specification.name" value="Java Virtual Machine Specification"/>
    <property name="java.awt.printerjob" value="sun.awt.windows.WPrinterJob"/>
    <property name="sun.os.patch.level" value=""/>
    <property name="java.library.path" value="C:\Program Files\Java\jdk1.8.0_251\jre\bin;C:\WINDOWS\Sun\Java\bin;C:\WINDOWS\system32;C:\WINDOWS;C:/Program Files/Java/jre1.8.0_251/bin/server;C:/Program Files/Java/jre1.8.0_251/bin;C:/Program Files/Java/jre1.8.0_251/lib/amd64;C:\Program Files (x86)\Common Files\Oracle\Java\javapath;C:\WINDOWS\system32;C:\WINDOWS;C:\WINDOWS\System32\Wbem;C:\WINDOWS\System32\WindowsPowerShell\v1.0\;C:\WINDOWS\System32\OpenSSH\;C:\Program Files\Java\jdk1.8.0_251\bin;C:\Software\apache-maven-3.6.3-bin\apache-maven-3.6.3\bin;C:\Program Files\dotnet\;C:\Program Files\Microsoft SQL Server\130\Tools\Binn\;C:\Program Files\Microsoft SQL Server\Client SDK\ODBC\170\Tools\Binn\;C:\Users\Imran\AppData\Local\Programs\Python\Python38-32\Scripts;C:\Program Files\Git\cmd;C:\Software\gradle-2.8\bin;C:\Program Files\Notepad++;C:\Program Files\nodejs\;C:\Program Files\nodejs;C:\Program Files (x86)\dotnet\;C:\Users\Imran\AppData\Local\Android\Sdk\tools\bin;C:\Users\Imran\AppData\Local\Android\Sdk\tools;C:\Users\Imran\AppData\Local\Programs\Python\Python39;C:\Users\Imran\AppData\Local\Programs\Python\Python39\Scripts;C:\Users\Imran\AppData\Local\Android\Sdk\platform-tools;C:\Program Files\sfdx\bin;C:\Program Files\Docker\Docker\resources\bin;C:\Users\Imran\AppData\Local\Microsoft\WindowsApps;C:\Users\Imran\.dotnet\tools;C:\Users\Imran\AppData\Roaming\npm;C:\Users\Imran\AppData\Local\Programs\Microsoft VS Code\bin;C:\Program Files\sfdx\bin;;C:\WINDOWS\System32;;."/>
    <property name="java.vm.info" value="mixed mode"/>
    <property name="java.vendor" value="Oracle Corporation"/>
    <property name="java.vm.version" value="25.251-b08"/>
    <property name="java.ext.dirs" value="C:\Program Files\Java\jdk1.8.0_251\jre\lib\ext;C:\WINDOWS\Sun\Java\lib\ext"/>
    <property name="sun.io.unicode.encoding" value="UnicodeLittle"/>
    <property name="java.class.version" value="52.0"/>
  </properties>
  <testcase name="setUp" classname="com.qa.opencart.tests.HomePageTest" time="4.858">
    <failure message="Error {&#10;  message=&apos;connect ECONNREFUSED 127.0.0.1:4444&#10;=========================== logs ===========================&#10;&lt;selenium&gt; connecting to http://localhost:4444/wd/hub/&#10;============================================================&#10;  name=&apos;Error&#10;  stack=&apos;Error: connect ECONNREFUSED 127.0.0.1:4444&#10;=========================== logs ===========================&#10;&lt;selenium&gt; connecting to http://localhost:4444/wd/hub/&#10;============================================================&#10;    at TCPConnectWrap.afterConnect [as oncomplete] (node:net:1278:16)&#10;}" type="com.microsoft.playwright.PlaywrightException"><![CDATA[com.microsoft.playwright.PlaywrightException: 
Error {
  message='connect ECONNREFUSED 127.0.0.1:4444
=========================== logs ===========================
<selenium> connecting to http://localhost:4444/wd/hub/
============================================================
  name='Error
  stack='Error: connect ECONNREFUSED 127.0.0.1:4444
=========================== logs ===========================
<selenium> connecting to http://localhost:4444/wd/hub/
============================================================
    at TCPConnectWrap.afterConnect [as oncomplete] (node:net:1278:16)
}
Caused by: com.microsoft.playwright.impl.DriverException: 
Error {
  message='connect ECONNREFUSED 127.0.0.1:4444
=========================== logs ===========================
<selenium> connecting to http://localhost:4444/wd/hub/
============================================================
  name='Error
  stack='Error: connect ECONNREFUSED 127.0.0.1:4444
=========================== logs ===========================
<selenium> connecting to http://localhost:4444/wd/hub/
============================================================
    at TCPConnectWrap.afterConnect [as oncomplete] (node:net:1278:16)
}
]]></failure>
    <system-out><![CDATA[...
... TestNG 7.0.1 by CÃ©dric Beust (cedric@beust.com)
...

Test Suite started!
Executing before test...
Browser name=> Edge
]]></system-out>
  </testcase>
  <testcase name="homePageTitleTest" classname="com.qa.opencart.tests.HomePageTest" time="0">
    <skipped message="Error {&#10;  message=&apos;connect ECONNREFUSED 127.0.0.1:4444&#10;=========================== logs ===========================&#10;&lt;selenium&gt; connecting to http://localhost:4444/wd/hub/&#10;============================================================&#10;  name=&apos;Error&#10;  stack=&apos;Error: connect ECONNREFUSED 127.0.0.1:4444&#10;=========================== logs ===========================&#10;&lt;selenium&gt; connecting to http://localhost:4444/wd/hub/&#10;============================================================&#10;    at TCPConnectWrap.afterConnect [as oncomplete] (node:net:1278:16)&#10;}"/>
    <system-out><![CDATA[homePageTitleTest started!
]]></system-out>
  </testcase>
  <testcase name="homePageTitleTest" classname="com.qa.opencart.tests.HomePageTest" time="0.01">
    <failure type="java.lang.NullPointerException">java.lang.NullPointerException
</failure>
    <system-out><![CDATA[homePageTitleTest skipped!
]]></system-out>
  </testcase>
  <testcase name="tearDown" classname="com.qa.opencart.tests.HomePageTest" time="0">
    <skipped/>
    <system-out><![CDATA[homePageTitleTest failed!
]]></system-out>
  </testcase>
  <testcase name="setUp" classname="com.qa.opencart.tests.LoginPageTest" time="0.724">
    <failure message="Error {&#10;  message=&apos;connect ECONNREFUSED 127.0.0.1:4444&#10;=========================== logs ===========================&#10;&lt;selenium&gt; connecting to http://localhost:4444/wd/hub/&#10;============================================================&#10;  name=&apos;Error&#10;  stack=&apos;Error: connect ECONNREFUSED 127.0.0.1:4444&#10;=========================== logs ===========================&#10;&lt;selenium&gt; connecting to http://localhost:4444/wd/hub/&#10;============================================================&#10;    at TCPConnectWrap.afterConnect [as oncomplete] (node:net:1278:16)&#10;}" type="com.microsoft.playwright.PlaywrightException"><![CDATA[com.microsoft.playwright.PlaywrightException: 
Error {
  message='connect ECONNREFUSED 127.0.0.1:4444
=========================== logs ===========================
<selenium> connecting to http://localhost:4444/wd/hub/
============================================================
  name='Error
  stack='Error: connect ECONNREFUSED 127.0.0.1:4444
=========================== logs ===========================
<selenium> connecting to http://localhost:4444/wd/hub/
============================================================
    at TCPConnectWrap.afterConnect [as oncomplete] (node:net:1278:16)
}
Caused by: com.microsoft.playwright.impl.DriverException: 
Error {
  message='connect ECONNREFUSED 127.0.0.1:4444
=========================== logs ===========================
<selenium> connecting to http://localhost:4444/wd/hub/
============================================================
  name='Error
  stack='Error: connect ECONNREFUSED 127.0.0.1:4444
=========================== logs ===========================
<selenium> connecting to http://localhost:4444/wd/hub/
============================================================
    at TCPConnectWrap.afterConnect [as oncomplete] (node:net:1278:16)
}
]]></failure>
    <system-out><![CDATA[Test Suite is ending!
Test Suite started!
Executing before test...
Browser name=> Edge
]]></system-out>
  </testcase>
  <testcase name="forgotPasswordLinkDisplayedTest" classname="com.qa.opencart.tests.LoginPageTest" time="0">
    <skipped message="Error {&#10;  message=&apos;connect ECONNREFUSED 127.0.0.1:4444&#10;=========================== logs ===========================&#10;&lt;selenium&gt; connecting to http://localhost:4444/wd/hub/&#10;============================================================&#10;  name=&apos;Error&#10;  stack=&apos;Error: connect ECONNREFUSED 127.0.0.1:4444&#10;=========================== logs ===========================&#10;&lt;selenium&gt; connecting to http://localhost:4444/wd/hub/&#10;============================================================&#10;    at TCPConnectWrap.afterConnect [as oncomplete] (node:net:1278:16)&#10;}"/>
    <system-out><![CDATA[forgotPasswordLinkDisplayedTest started!
]]></system-out>
  </testcase>
  <testcase name="forgotPasswordLinkDisplayedTest" classname="com.qa.opencart.tests.LoginPageTest" time="0.002">
    <failure type="java.lang.NullPointerException">java.lang.NullPointerException
</failure>
    <system-out><![CDATA[forgotPasswordLinkDisplayedTest skipped!
]]></system-out>
  </testcase>
  <testcase name="tearDown" classname="com.qa.opencart.tests.LoginPageTest" time="0">
    <skipped/>
    <system-out><![CDATA[forgotPasswordLinkDisplayedTest failed!
]]></system-out>
  </testcase>
</testsuite>